1664553529140	geckodriver	INFO	Listening on 127.0.0.1:49325
1664553532205	mozrunner::runner	INFO	Running command: "C:\\Program Files\\Mozilla Firefox\\firefox.exe" "--marionette" "--remote-debugging-port" "49326" "--remote-allow-hosts" "localhost" "-no-remote" "-profile" "C:\\Users\\Henry\\AppData\\Local\\Temp\\rust_mozprofileRFKCLx"
1664553532592	Marionette	INFO	Marionette enabled
1664553532602	Marionette	INFO	Listening on port 49338
Read port: 49338
WebDriver BiDi listening on ws://127.0.0.1:49326
1664553532734	RemoteAgent	WARN	TLS certificate errors will be ignored for this session
console.warn: SearchSettings: "get: No settings file exists, new profile?" (new NotFoundError("Could not open the file at C:\\Users\\Henry\\AppData\\Local\\Temp\\rust_mozprofileRFKCLx\\search.json.mozlz4", (void 0)))
DevTools listening on ws://127.0.0.1:49326/devtools/browser/9c4679ab-f5cd-4a72-890c-2863a424a006
JavaScript warning: https://www.cdw.com/WC9QkMmAs/SAKv/q32/ImPEmRxam1Q/J9ahQkpXLi/ND1AAQ/SU98/eHh8ZTgB, line 1: unreachable code after return statement
JavaScript warning: https://tags.tiqcdn.com/utag/cdw/main/prod/utag.js, line 417: unreachable code after return statement
JavaScript warning: https://www.cdw.com/WC9QkMmAs/SAKv/q32/ImPEmRxam1Q/J9ahQkpXLi/ND1AAQ/SU98/eHh8ZTgB, line 1: WEBGL_debug_renderer_info is deprecated in Firefox and will be removed. Please use RENDERER.
JavaScript warning: https://www.cdw.com/WC9QkMmAs/SAKv/q32/ImPEmRxam1Q/J9ahQkpXLi/ND1AAQ/SU98/eHh8ZTgB, line 1: WEBGL_debug_renderer_info is deprecated in Firefox and will be removed. Please use RENDERER.
console.warn: LoginRecipes: "Falling back to a synchronous message for: https://www.cdw.com."
console.warn: LoginRecipes: "Falling back to a synchronous message for: https://www.cdw.com."
JavaScript warning: https://www.cdw.com/WC9QkMmAs/SAKv/q32/ImPEmRxam1Q/J9ahQkpXLi/ND1AAQ/SU98/eHh8ZTgB, line 1: unreachable code after return statement
JavaScript warning: https://tags.tiqcdn.com/utag/cdw/main/prod/utag.js, line 417: unreachable code after return statement
JavaScript error: , line 0: TypeError: NetworkError when attempting to fetch resource.
JavaScript warning: https://www.cdw.com/WC9QkMmAs/SAKv/q32/ImPEmRxam1Q/J9ahQkpXLi/ND1AAQ/SU98/eHh8ZTgB, line 1: WEBGL_debug_renderer_info is deprecated in Firefox and will be removed. Please use RENDERER.
JavaScript warning: https://www.cdw.com/WC9QkMmAs/SAKv/q32/ImPEmRxam1Q/J9ahQkpXLi/ND1AAQ/SU98/eHh8ZTgB, line 1: WEBGL_debug_renderer_info is deprecated in Firefox and will be removed. Please use RENDERER.
JavaScript warning: https://www.cdw.com/WC9QkMmAs/SAKv/q32/ImPEmRxam1Q/J9ahQkpXLi/ND1AAQ/SU98/eHh8ZTgB, line 1: unreachable code after return statement
JavaScript warning: https://tags.tiqcdn.com/utag/cdw/main/prod/utag.js, line 417: unreachable code after return statement
JavaScript warning: https://www.cdw.com/WC9QkMmAs/SAKv/q32/ImPEmRxam1Q/J9ahQkpXLi/ND1AAQ/SU98/eHh8ZTgB, line 1: WEBGL_debug_renderer_info is deprecated in Firefox and will be removed. Please use RENDERER.
JavaScript warning: https://www.cdw.com/WC9QkMmAs/SAKv/q32/ImPEmRxam1Q/J9ahQkpXLi/ND1AAQ/SU98/eHh8ZTgB, line 1: WEBGL_debug_renderer_info is deprecated in Firefox and will be removed. Please use RENDERER.
1664553547994	Marionette	WARN	Ignoring event 'DOMContentLoaded' because document has an invalid readyState of 'complete'.
JavaScript warning: https://tags.tiqcdn.com/utag/cdw/main/prod/utag.js, line 417: unreachable code after return statement
1664553549045	Marionette	WARN	Ignoring event 'DOMContentLoaded' because document has an invalid readyState of 'complete'.
JavaScript error: https://cdw.needle.com/pageload?v=128D83&cid=N190d166455353635241f53001113816ebd241816ebd241816ebd248000000000000000140816ebd24100000000000000&cids=1&ts=1664553549227&pcount=10&pdata=title%3D%26url%3Dhttps%253A%252F%252Fwww.cdw.com%252Fsearch%252F%253Fkey%253D6914736%26wn%3D536353%26ls%3D1%26ExternalNetwork%3Dtrue%26productId%3D6914736%26categoryId%3Dundefined%257Cundefined%257CN%252FA%26productPrice%3Dundefined%26inviteContext%3Dundefined%26lz%3DNA, line 61: ReferenceError: $ is not defined
JavaScript warning: https://www.cdw.com/WC9QkMmAs/SAKv/q32/ImPEmRxam1Q/J9ahQkpXLi/ND1AAQ/SU98/eHh8ZTgB, line 1: unreachable code after return statement
JavaScript warning: https://www.cdw.com/WC9QkMmAs/SAKv/q32/ImPEmRxam1Q/J9ahQkpXLi/ND1AAQ/SU98/eHh8ZTgB, line 1: WEBGL_debug_renderer_info is deprecated in Firefox and will be removed. Please use RENDERER.
JavaScript error: https://www.cdw.com/product/8.28/dist/scripts/a/productSignals.js, line 1: ReferenceError: CdwTagMan is not defined
JavaScript warning: https://www.cdw.com/WC9QkMmAs/SAKv/q32/ImPEmRxam1Q/J9ahQkpXLi/ND1AAQ/SU98/eHh8ZTgB, line 1: WEBGL_debug_renderer_info is deprecated in Firefox and will be removed. Please use RENDERER.
JavaScript warning: https://www.cdw.com/WC9QkMmAs/SAKv/q32/ImPEmRxam1Q/J9ahQkpXLi/ND1AAQ/SU98/eHh8ZTgB, line 1: unreachable code after return statement
JavaScript warning: https://www.cdw.com/WC9QkMmAs/SAKv/q32/ImPEmRxam1Q/J9ahQkpXLi/ND1AAQ/SU98/eHh8ZTgB, line 1: WEBGL_debug_renderer_info is deprecated in Firefox and will be removed. Please use RENDERER.
1664553554289	Marionette	WARN	Ignoring event 'DOMContentLoaded' because document has an invalid readyState of 'complete'.
JavaScript error: https://cdw.needle.com/pageload?v=128D83&cid=N190d166455353635241f53001113816ebd241816ebd241816ebd248000000000000000140816ebd24100000000000000&cids=1&ts=1664553554467&pcount=10&pdata=title%3D%26url%3Dhttps%253A%252F%252Fwww.cdw.com%252Fsearch%252F%253Fkey%253D7015784%26wn%3D536353%26ls%3D1%26ExternalNetwork%3Dtrue%26productId%3D7015784%26categoryId%3Dundefined%257Cundefined%257CN%252FA%26productPrice%3Dundefined%26inviteContext%3Dundefined%26lz%3DNA, line 61: ReferenceError: $ is not defined
JavaScript warning: https://www.cdw.com/WC9QkMmAs/SAKv/q32/ImPEmRxam1Q/J9ahQkpXLi/ND1AAQ/SU98/eHh8ZTgB, line 1: unreachable code after return statement
JavaScript warning: https://www.cdw.com/WC9QkMmAs/SAKv/q32/ImPEmRxam1Q/J9ahQkpXLi/ND1AAQ/SU98/eHh8ZTgB, line 1: WEBGL_debug_renderer_info is deprecated in Firefox and will be removed. Please use RENDERER.
JavaScript warning: https://www.cdw.com/WC9QkMmAs/SAKv/q32/ImPEmRxam1Q/J9ahQkpXLi/ND1AAQ/SU98/eHh8ZTgB, line 1: WEBGL_debug_renderer_info is deprecated in Firefox and will be removed. Please use RENDERER.
JavaScript warning: https://www.cdw.com/WC9QkMmAs/SAKv/q32/ImPEmRxam1Q/J9ahQkpXLi/ND1AAQ/SU98/eHh8ZTgB, line 1: unreachable code after return statement
JavaScript warning: https://www.cdw.com/WC9QkMmAs/SAKv/q32/ImPEmRxam1Q/J9ahQkpXLi/ND1AAQ/SU98/eHh8ZTgB, line 1: WEBGL_debug_renderer_info is deprecated in Firefox and will be removed. Please use RENDERER.
JavaScript warning: https://www.cdw.com/WC9QkMmAs/SAKv/q32/ImPEmRxam1Q/J9ahQkpXLi/ND1AAQ/SU98/eHh8ZTgB, line 1: WEBGL_debug_renderer_info is deprecated in Firefox and will be removed. Please use RENDERER.
1664553560039	Marionette	WARN	Ignoring event 'DOMContentLoaded' because document has an invalid readyState of 'complete'.
JavaScript warning: https://www.cdw.com/WC9QkMmAs/SAKv/q32/ImPEmRxam1Q/J9ahQkpXLi/ND1AAQ/SU98/eHh8ZTgB, line 1: unreachable code after return statement
JavaScript warning: https://www.cdw.com/WC9QkMmAs/SAKv/q32/ImPEmRxam1Q/J9ahQkpXLi/ND1AAQ/SU98/eHh8ZTgB, line 1: WEBGL_debug_renderer_info is deprecated in Firefox and will be removed. Please use RENDERER.
JavaScript warning: https://www.cdw.com/WC9QkMmAs/SAKv/q32/ImPEmRxam1Q/J9ahQkpXLi/ND1AAQ/SU98/eHh8ZTgB, line 1: WEBGL_debug_renderer_info is deprecated in Firefox and will be removed. Please use RENDERER.
JavaScript warning: https://www.cdw.com/WC9QkMmAs/SAKv/q32/ImPEmRxam1Q/J9ahQkpXLi/ND1AAQ/SU98/eHh8ZTgB, line 1: unreachable code after return statement
JavaScript warning: https://www.cdw.com/WC9QkMmAs/SAKv/q32/ImPEmRxam1Q/J9ahQkpXLi/ND1AAQ/SU98/eHh8ZTgB, line 1: WEBGL_debug_renderer_info is deprecated in Firefox and will be removed. Please use RENDERER.
JavaScript warning: https://www.cdw.com/WC9QkMmAs/SAKv/q32/ImPEmRxam1Q/J9ahQkpXLi/ND1AAQ/SU98/eHh8ZTgB, line 1: WEBGL_debug_renderer_info is deprecated in Firefox and will be removed. Please use RENDERER.
1664553604294	Marionette	INFO	Stopped listening on port 49338
console.warn: TopSitesFeed: Failed to fetch data from Contile server: NetworkError when attempting to fetch resource.
1664553633104	geckodriver	INFO	Listening on 127.0.0.1:49852
1664553636153	mozrunner::runner	INFO	Running command: "C:\\Program Files\\Mozilla Firefox\\firefox.exe" "--marionette" "--remote-debugging-port" "49853" "--remote-allow-hosts" "localhost" "-no-remote" "-profile" "C:\\Users\\Henry\\AppData\\Local\\Temp\\rust_mozprofilemuSGzU"
1664553636591	Marionette	INFO	Marionette enabled
1664553636597	Marionette	INFO	Listening on port 49969
WebDriver BiDi listening on ws://127.0.0.1:49853
Read port: 49969
1664553636795	RemoteAgent	WARN	TLS certificate errors will be ignored for this session
console.warn: SearchSettings: "get: No settings file exists, new profile?" (new NotFoundError("Could not open the file at C:\\Users\\Henry\\AppData\\Local\\Temp\\rust_mozprofilemuSGzU\\search.json.mozlz4", (void 0)))
DevTools listening on ws://127.0.0.1:49853/devtools/browser/cd91aef8-4761-4e62-9539-73bae4b36668
JavaScript warning: https://www.cdw.com/WC9QkMmAs/SAKv/q32/ImPEmRxam1Q/J9ahQkpXLi/ND1AAQ/SU98/eHh8ZTgB, line 1: unreachable code after return statement
JavaScript warning: https://tags.tiqcdn.com/utag/cdw/main/prod/utag.js, line 417: unreachable code after return statement
JavaScript warning: https://www.cdw.com/WC9QkMmAs/SAKv/q32/ImPEmRxam1Q/J9ahQkpXLi/ND1AAQ/SU98/eHh8ZTgB, line 1: WEBGL_debug_renderer_info is deprecated in Firefox and will be removed. Please use RENDERER.
console.warn: LoginRecipes: "Falling back to a synchronous message for: https://www.cdw.com."
console.warn: LoginRecipes: "Falling back to a synchronous message for: https://www.cdw.com."
JavaScript warning: https://www.cdw.com/WC9QkMmAs/SAKv/q32/ImPEmRxam1Q/J9ahQkpXLi/ND1AAQ/SU98/eHh8ZTgB, line 1: WEBGL_debug_renderer_info is deprecated in Firefox and will be removed. Please use RENDERER.
JavaScript warning: https://www.cdw.com/WC9QkMmAs/SAKv/q32/ImPEmRxam1Q/J9ahQkpXLi/ND1AAQ/SU98/eHh8ZTgB, line 1: unreachable code after return statement
JavaScript warning: https://tags.tiqcdn.com/utag/cdw/main/prod/utag.js, line 417: unreachable code after return statement
JavaScript warning: https://www.cdw.com/WC9QkMmAs/SAKv/q32/ImPEmRxam1Q/J9ahQkpXLi/ND1AAQ/SU98/eHh8ZTgB, line 1: WEBGL_debug_renderer_info is deprecated in Firefox and will be removed. Please use RENDERER.
JavaScript warning: https://www.cdw.com/WC9QkMmAs/SAKv/q32/ImPEmRxam1Q/J9ahQkpXLi/ND1AAQ/SU98/eHh8ZTgB, line 1: WEBGL_debug_renderer_info is deprecated in Firefox and will be removed. Please use RENDERER.
JavaScript warning: https://www.cdw.com/WC9QkMmAs/SAKv/q32/ImPEmRxam1Q/J9ahQkpXLi/ND1AAQ/SU98/eHh8ZTgB, line 1: unreachable code after return statement
JavaScript warning: https://tags.tiqcdn.com/utag/cdw/main/prod/utag.js, line 417: unreachable code after return statement
JavaScript warning: https://www.cdw.com/WC9QkMmAs/SAKv/q32/ImPEmRxam1Q/J9ahQkpXLi/ND1AAQ/SU98/eHh8ZTgB, line 1: WEBGL_debug_renderer_info is deprecated in Firefox and will be removed. Please use RENDERER.
JavaScript warning: https://www.cdw.com/WC9QkMmAs/SAKv/q32/ImPEmRxam1Q/J9ahQkpXLi/ND1AAQ/SU98/eHh8ZTgB, line 1: WEBGL_debug_renderer_info is deprecated in Firefox and will be removed. Please use RENDERER.
1664553728209	Marionette	INFO	Stopped listening on port 49969
console.warn: TopSitesFeed: Failed to fetch data from Contile server: NetworkError when attempting to fetch resource.
